{"contracts\\GdprCash.sol":{"l":{"26":8,"27":7,"31":2,"32":2,"52":2,"53":2,"54":2,"55":2,"65":5,"76":2,"84":2,"85":2,"86":2,"87":2,"88":2,"89":2,"90":2,"98":1,"99":1,"107":1,"109":1,"110":1,"111":1,"112":1},"path":"D:/Projects/gdpr-cash/gdpr-token-sale/contracts/GdprCash.sol","s":{"1":8,"2":2,"3":2,"4":2,"5":2,"6":2,"7":5,"8":2,"9":2,"10":2,"11":2,"12":2,"13":2,"14":2,"15":2,"16":1,"17":1,"18":1,"19":1,"20":1,"21":1,"22":1},"b":{"1":[7,1],"2":[2,0],"3":[2,0],"4":[2,0],"5":[2,0],"6":[2,0],"7":[1,0]},"f":{"1":8,"2":2,"3":2,"4":5,"5":2,"6":2,"7":1,"8":1},"fnMap":{"1":{"name":"canTransfer","line":25,"loc":{"start":{"line":25,"column":4},"end":{"line":25,"column":24}}},"2":{"name":"onlyCrowdsale","line":30,"loc":{"start":{"line":30,"column":4},"end":{"line":30,"column":26}}},"3":{"name":"GdprCash","line":39,"loc":{"start":{"line":39,"column":4},"end":{"line":41,"column":47}}},"4":{"name":"transfer","line":62,"loc":{"start":{"line":62,"column":4},"end":{"line":64,"column":5}}},"5":{"name":"transferFrom","line":73,"loc":{"start":{"line":73,"column":4},"end":{"line":75,"column":5}}},"6":{"name":"setCrowdsale","line":83,"loc":{"start":{"line":83,"column":4},"end":{"line":83,"column":66}}},"7":{"name":"enableTransfers","line":97,"loc":{"start":{"line":97,"column":4},"end":{"line":97,"column":49}}},"8":{"name":"burn","line":106,"loc":{"start":{"line":106,"column":4},"end":{"line":106,"column":52}}}},"statementMap":{"1":{"start":{"line":26,"column":8},"end":{"line":26,"column":82}},"2":{"start":{"line":31,"column":8},"end":{"line":31,"column":39}},"3":{"start":{"line":52,"column":8},"end":{"line":52,"column":51}},"4":{"start":{"line":53,"column":8},"end":{"line":53,"column":55}},"5":{"start":{"line":54,"column":8},"end":{"line":54,"column":45}},"6":{"start":{"line":55,"column":8},"end":{"line":55,"column":55}},"7":{"start":{"line":65,"column":8},"end":{"line":65,"column":42}},"8":{"start":{"line":76,"column":8},"end":{"line":76,"column":53}},"9":{"start":{"line":84,"column":8},"end":{"line":84,"column":39}},"10":{"start":{"line":85,"column":8},"end":{"line":85,"column":44}},"11":{"start":{"line":86,"column":8},"end":{"line":86,"column":33}},"12":{"start":{"line":87,"column":8},"end":{"line":87,"column":33}},"13":{"start":{"line":88,"column":8},"end":{"line":88,"column":32}},"14":{"start":{"line":89,"column":8},"end":{"line":89,"column":48}},"15":{"start":{"line":90,"column":8},"end":{"line":90,"column":22}},"16":{"start":{"line":98,"column":8},"end":{"line":98,"column":30}},"17":{"start":{"line":99,"column":8},"end":{"line":99,"column":28}},"18":{"start":{"line":107,"column":8},"end":{"line":107,"column":46}},"19":{"start":{"line":109,"column":8},"end":{"line":109,"column":34}},"20":{"start":{"line":110,"column":8},"end":{"line":110,"column":54}},"21":{"start":{"line":111,"column":8},"end":{"line":111,"column":46}},"22":{"start":{"line":112,"column":8},"end":{"line":112,"column":27}}},"branchMap":{"1":{"line":26,"type":"if","locations":[{"start":{"line":26,"column":8},"end":{"line":26,"column":8}},{"start":{"line":26,"column":8},"end":{"line":26,"column":8}}]},"2":{"line":31,"type":"if","locations":[{"start":{"line":31,"column":8},"end":{"line":31,"column":8}},{"start":{"line":31,"column":8},"end":{"line":31,"column":8}}]},"3":{"line":84,"type":"if","locations":[{"start":{"line":84,"column":8},"end":{"line":84,"column":8}},{"start":{"line":84,"column":8},"end":{"line":84,"column":8}}]},"4":{"line":85,"type":"if","locations":[{"start":{"line":85,"column":8},"end":{"line":85,"column":8}},{"start":{"line":85,"column":8},"end":{"line":85,"column":8}}]},"5":{"line":86,"type":"if","locations":[{"start":{"line":86,"column":8},"end":{"line":86,"column":8}},{"start":{"line":86,"column":8},"end":{"line":86,"column":8}}]},"6":{"line":89,"type":"if","locations":[{"start":{"line":89,"column":8},"end":{"line":89,"column":8}},{"start":{"line":89,"column":8},"end":{"line":89,"column":8}}]},"7":{"line":107,"type":"if","locations":[{"start":{"line":107,"column":8},"end":{"line":107,"column":8}},{"start":{"line":107,"column":8},"end":{"line":107,"column":8}}]}}},"contracts\\GdprConfig.sol":{"l":{},"path":"D:/Projects/gdpr-cash/gdpr-token-sale/contracts/GdprConfig.sol","s":{},"b":{},"f":{},"fnMap":{},"statementMap":{},"branchMap":{}},"contracts\\GdprCrowdsale.sol":{"l":{"74":2,"75":2,"80":2,"81":2,"82":2,"83":2,"84":2,"92":8,"100":1,"101":0,"102":0,"104":0,"112":4,"113":3,"114":1,"116":1,"124":1,"125":1,"126":1,"134":2,"135":2,"137":1,"138":1,"140":1,"145":2,"149":1,"150":1,"151":1,"152":1,"153":1,"155":1,"156":1,"165":8,"166":8,"167":8,"168":7,"169":7,"172":7,"175":7,"176":7,"178":7,"180":7,"181":7,"183":6,"185":3,"187":3,"190":4,"192":4,"204":1,"205":1,"206":1,"215":1},"path":"D:/Projects/gdpr-cash/gdpr-token-sale/contracts/GdprCrowdsale.sol","s":{"1":2,"2":2,"3":2,"4":2,"5":2,"6":2,"7":2,"8":8,"9":1,"10":0,"11":0,"12":0,"13":4,"14":3,"15":1,"16":1,"17":1,"18":1,"19":1,"20":2,"21":2,"22":1,"23":1,"24":1,"25":2,"26":1,"27":1,"28":1,"29":1,"30":1,"31":1,"32":8,"33":8,"34":8,"35":7,"36":7,"37":7,"38":7,"39":7,"40":7,"41":7,"42":7,"43":6,"44":3,"45":3,"46":4,"47":1,"48":1},"b":{"1":[2,0],"2":[2,0],"3":[0,1],"4":[0,0],"5":[0,0],"6":[3,1],"7":[1,2],"8":[1,0],"9":[1,0],"10":[2,0],"11":[1,1],"12":[1,0],"13":[1,0],"14":[1,0],"15":[8,0],"16":[8,0],"17":[7,1],"18":[7,0],"19":[7,0],"20":[7,0],"21":[6,1],"22":[3,3],"23":[2,1],"24":[2,1]},"f":{"1":2,"2":8,"3":1,"4":4,"5":1,"6":2,"7":2,"8":1,"9":8,"10":1,"11":1},"fnMap":{"1":{"name":"GdprCrowdsale","line":68,"loc":{"start":{"line":68,"column":4},"end":{"line":73,"column":5}}},"2":{"name":null,"line":91,"loc":{"start":{"line":91,"column":4},"end":{"line":91,"column":42}}},"3":{"name":"setStartTime","line":99,"loc":{"start":{"line":99,"column":4},"end":{"line":99,"column":61}}},"4":{"name":"setEndTime","line":111,"loc":{"start":{"line":111,"column":4},"end":{"line":111,"column":57}}},"5":{"name":"setRate","line":123,"loc":{"start":{"line":123,"column":4},"end":{"line":123,"column":50}}},"6":{"name":"finalize","line":133,"loc":{"start":{"line":133,"column":4},"end":{"line":133,"column":38}}},"7":{"name":"hasEnded","line":144,"loc":{"start":{"line":144,"column":4},"end":{"line":144,"column":48}}},"8":{"name":"withdraw","line":148,"loc":{"start":{"line":148,"column":4},"end":{"line":148,"column":52}}},"9":{"name":"buyTokens","line":164,"loc":{"start":{"line":164,"column":4},"end":{"line":164,"column":69}}},"10":{"name":"finalization","line":203,"loc":{"start":{"line":203,"column":4},"end":{"line":203,"column":34}}},"11":{"name":"burnUnsold","line":213,"loc":{"start":{"line":213,"column":4},"end":{"line":213,"column":32}}}},"statementMap":{"1":{"start":{"line":74,"column":8},"end":{"line":74,"column":37}},"2":{"start":{"line":75,"column":8},"end":{"line":75,"column":43}},"3":{"start":{"line":80,"column":8},"end":{"line":80,"column":29}},"4":{"start":{"line":81,"column":8},"end":{"line":81,"column":25}},"5":{"start":{"line":82,"column":8},"end":{"line":82,"column":38}},"6":{"start":{"line":83,"column":8},"end":{"line":83,"column":26}},"7":{"start":{"line":84,"column":8},"end":{"line":84,"column":31}},"8":{"start":{"line":92,"column":8},"end":{"line":92,"column":39}},"9":{"start":{"line":100,"column":8},"end":{"line":100,"column":31}},"10":{"start":{"line":101,"column":8},"end":{"line":101,"column":32}},"11":{"start":{"line":102,"column":8},"end":{"line":102,"column":36}},"12":{"start":{"line":104,"column":8},"end":{"line":104,"column":29}},"13":{"start":{"line":112,"column":8},"end":{"line":112,"column":29}},"14":{"start":{"line":113,"column":8},"end":{"line":113,"column":30}},"15":{"start":{"line":114,"column":8},"end":{"line":114,"column":36}},"16":{"start":{"line":116,"column":8},"end":{"line":116,"column":25}},"17":{"start":{"line":124,"column":8},"end":{"line":124,"column":25}},"18":{"start":{"line":125,"column":8},"end":{"line":125,"column":19}},"19":{"start":{"line":126,"column":8},"end":{"line":126,"column":23}},"20":{"start":{"line":134,"column":8},"end":{"line":134,"column":31}},"21":{"start":{"line":135,"column":8},"end":{"line":135,"column":28}},"22":{"start":{"line":137,"column":8},"end":{"line":137,"column":21}},"23":{"start":{"line":138,"column":8},"end":{"line":138,"column":18}},"24":{"start":{"line":140,"column":8},"end":{"line":140,"column":25}},"25":{"start":{"line":145,"column":8},"end":{"line":145,"column":28}},"26":{"start":{"line":149,"column":8},"end":{"line":149,"column":32}},"27":{"start":{"line":150,"column":8},"end":{"line":150,"column":38}},"28":{"start":{"line":151,"column":8},"end":{"line":151,"column":37}},"29":{"start":{"line":152,"column":8},"end":{"line":152,"column":4402}},"30":{"start":{"line":153,"column":12},"end":{"line":153,"column":39}},"31":{"start":{"line":156,"column":8},"end":{"line":156,"column":36}},"32":{"start":{"line":165,"column":8},"end":{"line":165,"column":41}},"33":{"start":{"line":166,"column":8},"end":{"line":166,"column":32}},"34":{"start":{"line":167,"column":8},"end":{"line":167,"column":29}},"35":{"start":{"line":168,"column":8},"end":{"line":168,"column":28}},"36":{"start":{"line":169,"column":8},"end":{"line":169,"column":30}},"37":{"start":{"line":172,"column":8},"end":{"line":172,"column":43}},"38":{"start":{"line":175,"column":8},"end":{"line":175,"column":78}},"39":{"start":{"line":176,"column":8},"end":{"line":176,"column":50}},"40":{"start":{"line":178,"column":8},"end":{"line":178,"column":43}},"41":{"start":{"line":180,"column":8},"end":{"line":180,"column":42}},"42":{"start":{"line":181,"column":8},"end":{"line":181,"column":71}},"43":{"start":{"line":183,"column":8},"end":{"line":183,"column":5563}},"44":{"start":{"line":185,"column":12},"end":{"line":185,"column":80}},"45":{"start":{"line":187,"column":12},"end":{"line":187,"column":75}},"46":{"start":{"line":192,"column":8},"end":{"line":192,"column":5930}},"47":{"start":{"line":204,"column":8},"end":{"line":204,"column":18}},"48":{"start":{"line":205,"column":8},"end":{"line":205,"column":19}}},"branchMap":{"1":{"line":74,"type":"if","locations":[{"start":{"line":74,"column":8},"end":{"line":74,"column":8}},{"start":{"line":74,"column":8},"end":{"line":74,"column":8}}]},"2":{"line":75,"type":"if","locations":[{"start":{"line":75,"column":8},"end":{"line":75,"column":8}},{"start":{"line":75,"column":8},"end":{"line":75,"column":8}}]},"3":{"line":100,"type":"if","locations":[{"start":{"line":100,"column":8},"end":{"line":100,"column":8}},{"start":{"line":100,"column":8},"end":{"line":100,"column":8}}]},"4":{"line":101,"type":"if","locations":[{"start":{"line":101,"column":8},"end":{"line":101,"column":8}},{"start":{"line":101,"column":8},"end":{"line":101,"column":8}}]},"5":{"line":102,"type":"if","locations":[{"start":{"line":102,"column":8},"end":{"line":102,"column":8}},{"start":{"line":102,"column":8},"end":{"line":102,"column":8}}]},"6":{"line":112,"type":"if","locations":[{"start":{"line":112,"column":8},"end":{"line":112,"column":8}},{"start":{"line":112,"column":8},"end":{"line":112,"column":8}}]},"7":{"line":113,"type":"if","locations":[{"start":{"line":113,"column":8},"end":{"line":113,"column":8}},{"start":{"line":113,"column":8},"end":{"line":113,"column":8}}]},"8":{"line":114,"type":"if","locations":[{"start":{"line":114,"column":8},"end":{"line":114,"column":8}},{"start":{"line":114,"column":8},"end":{"line":114,"column":8}}]},"9":{"line":124,"type":"if","locations":[{"start":{"line":124,"column":8},"end":{"line":124,"column":8}},{"start":{"line":124,"column":8},"end":{"line":124,"column":8}}]},"10":{"line":134,"type":"if","locations":[{"start":{"line":134,"column":8},"end":{"line":134,"column":8}},{"start":{"line":134,"column":8},"end":{"line":134,"column":8}}]},"11":{"line":135,"type":"if","locations":[{"start":{"line":135,"column":8},"end":{"line":135,"column":8}},{"start":{"line":135,"column":8},"end":{"line":135,"column":8}}]},"12":{"line":149,"type":"if","locations":[{"start":{"line":149,"column":8},"end":{"line":149,"column":8}},{"start":{"line":149,"column":8},"end":{"line":149,"column":8}}]},"13":{"line":150,"type":"if","locations":[{"start":{"line":150,"column":8},"end":{"line":150,"column":8}},{"start":{"line":150,"column":8},"end":{"line":150,"column":8}}]},"14":{"line":152,"type":"if","locations":[{"start":{"line":152,"column":8},"end":{"line":152,"column":8}},{"start":{"line":152,"column":8},"end":{"line":152,"column":8}}]},"15":{"line":165,"type":"if","locations":[{"start":{"line":165,"column":8},"end":{"line":165,"column":8}},{"start":{"line":165,"column":8},"end":{"line":165,"column":8}}]},"16":{"line":166,"type":"if","locations":[{"start":{"line":166,"column":8},"end":{"line":166,"column":8}},{"start":{"line":166,"column":8},"end":{"line":166,"column":8}}]},"17":{"line":167,"type":"if","locations":[{"start":{"line":167,"column":8},"end":{"line":167,"column":8}},{"start":{"line":167,"column":8},"end":{"line":167,"column":8}}]},"18":{"line":168,"type":"if","locations":[{"start":{"line":168,"column":8},"end":{"line":168,"column":8}},{"start":{"line":168,"column":8},"end":{"line":168,"column":8}}]},"19":{"line":169,"type":"if","locations":[{"start":{"line":169,"column":8},"end":{"line":169,"column":8}},{"start":{"line":169,"column":8},"end":{"line":169,"column":8}}]},"20":{"line":180,"type":"if","locations":[{"start":{"line":180,"column":8},"end":{"line":180,"column":8}},{"start":{"line":180,"column":8},"end":{"line":180,"column":8}}]},"21":{"line":181,"type":"if","locations":[{"start":{"line":181,"column":8},"end":{"line":181,"column":8}},{"start":{"line":181,"column":8},"end":{"line":181,"column":8}}]},"22":{"line":183,"type":"if","locations":[{"start":{"line":183,"column":8},"end":{"line":183,"column":8}},{"start":{"line":183,"column":8},"end":{"line":183,"column":8}}]},"23":{"line":185,"type":"if","locations":[{"start":{"line":185,"column":12},"end":{"line":185,"column":12}},{"start":{"line":185,"column":12},"end":{"line":185,"column":12}}]},"24":{"line":187,"type":"if","locations":[{"start":{"line":187,"column":12},"end":{"line":187,"column":12}},{"start":{"line":187,"column":12},"end":{"line":187,"column":12}}]}}}}