TN:
SF:D:/Projects/gdpr-cash/gdpr-token-sale/contracts/GdprCash.sol
FN:25,canTransfer
FN:30,onlyCrowdsale
FN:39,GdprCash
FN:62,transfer
FN:73,transferFrom
FN:83,setCrowdsale
FN:97,enableTransfers
FN:106,burn
FNF:8
FNH:8
FNDA:8,canTransfer
FNDA:2,onlyCrowdsale
FNDA:2,GdprCash
FNDA:5,transfer
FNDA:2,transferFrom
FNDA:2,setCrowdsale
FNDA:1,enableTransfers
FNDA:1,burn
DA:26,8
DA:27,7
DA:31,2
DA:32,2
DA:52,2
DA:53,2
DA:54,2
DA:55,2
DA:65,5
DA:76,2
DA:84,2
DA:85,2
DA:86,2
DA:87,2
DA:88,2
DA:89,2
DA:90,2
DA:98,1
DA:99,1
DA:107,1
DA:109,1
DA:110,1
DA:111,1
DA:112,1
LF:24
LH:24
BRDA:26,1,0,7
BRDA:26,1,1,1
BRDA:31,2,0,2
BRDA:31,2,1,0
BRDA:84,3,0,2
BRDA:84,3,1,0
BRDA:85,4,0,2
BRDA:85,4,1,0
BRDA:86,5,0,2
BRDA:86,5,1,0
BRDA:89,6,0,2
BRDA:89,6,1,0
BRDA:107,7,0,1
BRDA:107,7,1,0
BRF:14
BRH:8
end_of_record
TN:
SF:D:/Projects/gdpr-cash/gdpr-token-sale/contracts/GdprConfig.sol
FNF:0
FNH:0
LF:0
LH:0
BRF:0
BRH:0
end_of_record
TN:
SF:D:/Projects/gdpr-cash/gdpr-token-sale/contracts/GdprCrowdsale.sol
FN:68,GdprCrowdsale
FN:91,
FN:99,setStartTime
FN:111,setEndTime
FN:123,setRate
FN:133,finalize
FN:144,hasEnded
FN:148,withdraw
FN:164,buyTokens
FN:203,finalization
FN:213,burnUnsold
FNF:11
FNH:11
FNDA:2,GdprCrowdsale
FNDA:8,
FNDA:1,setStartTime
FNDA:4,setEndTime
FNDA:1,setRate
FNDA:2,finalize
FNDA:2,hasEnded
FNDA:1,withdraw
FNDA:8,buyTokens
FNDA:1,finalization
FNDA:1,burnUnsold
DA:74,2
DA:75,2
DA:80,2
DA:81,2
DA:82,2
DA:83,2
DA:84,2
DA:92,8
DA:100,1
DA:101,0
DA:102,0
DA:104,0
DA:112,4
DA:113,3
DA:114,1
DA:116,1
DA:124,1
DA:125,1
DA:126,1
DA:134,2
DA:135,2
DA:137,1
DA:138,1
DA:140,1
DA:145,2
DA:149,1
DA:150,1
DA:151,1
DA:152,1
DA:153,1
DA:155,1
DA:156,1
DA:165,8
DA:166,8
DA:167,8
DA:168,7
DA:169,7
DA:172,7
DA:175,7
DA:176,7
DA:178,7
DA:180,7
DA:181,7
DA:183,6
DA:185,3
DA:187,3
DA:190,4
DA:192,4
DA:204,1
DA:205,1
DA:206,1
DA:215,1
LF:52
LH:49
BRDA:74,1,0,2
BRDA:74,1,1,0
BRDA:75,2,0,2
BRDA:75,2,1,0
BRDA:100,3,0,0
BRDA:100,3,1,1
BRDA:101,4,0,0
BRDA:101,4,1,0
BRDA:102,5,0,0
BRDA:102,5,1,0
BRDA:112,6,0,3
BRDA:112,6,1,1
BRDA:113,7,0,1
BRDA:113,7,1,2
BRDA:114,8,0,1
BRDA:114,8,1,0
BRDA:124,9,0,1
BRDA:124,9,1,0
BRDA:134,10,0,2
BRDA:134,10,1,0
BRDA:135,11,0,1
BRDA:135,11,1,1
BRDA:149,12,0,1
BRDA:149,12,1,0
BRDA:150,13,0,1
BRDA:150,13,1,0
BRDA:152,14,0,1
BRDA:152,14,1,0
BRDA:165,15,0,8
BRDA:165,15,1,0
BRDA:166,16,0,8
BRDA:166,16,1,0
BRDA:167,17,0,7
BRDA:167,17,1,1
BRDA:168,18,0,7
BRDA:168,18,1,0
BRDA:169,19,0,7
BRDA:169,19,1,0
BRDA:180,20,0,7
BRDA:180,20,1,0
BRDA:181,21,0,6
BRDA:181,21,1,1
BRDA:183,22,0,3
BRDA:183,22,1,3
BRDA:185,23,0,2
BRDA:185,23,1,1
BRDA:187,24,0,2
BRDA:187,24,1,1
BRF:48
BRH:30
end_of_record
